[2025-08-05 13:48:50] [ERROR] [req_689235f25d0152.38432631] API Keys migration failed | Context: {"error":"SQLSTATE[42S02]: Base table or view not found: 1146 Table 'platafo5_bolao3.api_keys' doesn't exist","line":110,"file":"C:\\xampp\\htdocs\\bolao3\\scripts\\migrate_api_keys.php"} | Global: {"environment":"development","app":"Bol\u00e3o Vitimba"}
[2025-08-05 13:49:08] [ERROR] [req_68923604bc30e4.92273027] API Keys migration failed | Context: {"error":"There is no active transaction","line":91,"file":"C:\\xampp\\htdocs\\bolao3\\scripts\\migrate_api_keys.php"} | Global: {"environment":"development","app":"Bol\u00e3o Vitimba"}
[2025-08-05 13:49:38] [INFO] [req_68923622370bf4.23203553] API Keys migration completed successfully | Global: {"environment":"development","app":"Bol\u00e3o Vitimba"}
[2025-08-05 13:49:43] [INFO] [req_68923627ae70f1.57003056] API Keys migration completed successfully | Global: {"environment":"development","app":"Bol\u00e3o Vitimba"}
[2025-08-05 13:50:02] [INFO] [req_6892363a14fb46.90474299] API Keys migration completed successfully | Global: {"environment":"development","app":"Bol\u00e3o Vitimba"}
[2025-08-05 13:50:14] [INFO] [req_689236466d0c82.27284832] API Keys migration completed successfully | Global: {"environment":"development","app":"Bol\u00e3o Vitimba"}
[2025-08-05 13:50:22] [INFO] [req_6892364eb42a31.73595754] New API key generated | Context: {"key_id":"3","key_name":"admin_generated_2025_08_05_13_50","key_prefix":"admingen_6dae_","created_by":null} | Global: {"environment":"development","app":"Bol\u00e3o Vitimba"}
[2025-08-05 13:50:22] [INFO] [req_6892364eb42a31.73595754] New admin API key generated during migration | Context: {"key_id":"3","key_name":"admin_generated_2025_08_05_13_50"} | Global: {"environment":"development","app":"Bol\u00e3o Vitimba"}
[2025-08-05 13:50:22] [INFO] [req_6892364eb42a31.73595754] API Keys migration completed successfully | Global: {"environment":"development","app":"Bol\u00e3o Vitimba"}
[2025-08-05 14:31:31] [DEBUG] [req_68923ff341de76.38212855] Configuração EFI carregada | Context: {"client_id_set":true,"client_secret_set":true,"pix_key_set":true,"webhook_url":"https:\/\/bolao.traffego.agency\/api\/webhook_pix.php","api_url":"https:\/\/pix.api.efipay.com.br","certificate_exists":true,"webhook_fatal_failure":false,"config_issues_count":0} | Global: {"environment":"development","app":"Bol\u00e3o Vitimba"}
[2025-08-05 14:31:31] [DEBUG] [req_68923ff341de76.38212855] Certificado validado com sucesso | Global: {"environment":"development","app":"Bol\u00e3o Vitimba"}
[2025-08-05 14:31:32] [INFO] [req_68923ff341de76.38212855] Resposta da autenticação | Context: {"http_code":404,"response":"{\"nome\":\"nao_encontrado\",\"mensagem\":\"Recurso n\u00e3o encontrado\"}","error":""} | Global: {"environment":"development","app":"Bol\u00e3o Vitimba"}
[2025-08-05 14:31:32] [ERROR] [req_68923ff341de76.38212855] Erro na autenticação | Context: {"http_code":404,"response":{"nome":"nao_encontrado","mensagem":"Recurso n\u00e3o encontrado"}} | Global: {"environment":"development","app":"Bol\u00e3o Vitimba"}
[2025-08-05 14:31:34] [INFO] [req_68923ff341de76.38212855] Resposta da autenticação | Context: {"http_code":404,"response":"{\"nome\":\"nao_encontrado\",\"mensagem\":\"Recurso n\u00e3o encontrado\"}","error":""} | Global: {"environment":"development","app":"Bol\u00e3o Vitimba"}
[2025-08-05 14:31:34] [ERROR] [req_68923ff341de76.38212855] Erro na autenticação | Context: {"http_code":404,"response":{"nome":"nao_encontrado","mensagem":"Recurso n\u00e3o encontrado"}} | Global: {"environment":"development","app":"Bol\u00e3o Vitimba"}
[2025-08-05 14:31:37] [INFO] [req_68923ff341de76.38212855] Resposta da autenticação | Context: {"http_code":404,"response":"{\"nome\":\"nao_encontrado\",\"mensagem\":\"Recurso n\u00e3o encontrado\"}","error":""} | Global: {"environment":"development","app":"Bol\u00e3o Vitimba"}
[2025-08-05 14:31:37] [ERROR] [req_68923ff341de76.38212855] Erro na autenticação | Context: {"http_code":404,"response":{"nome":"nao_encontrado","mensagem":"Recurso n\u00e3o encontrado"}} | Global: {"environment":"development","app":"Bol\u00e3o Vitimba"}
[2025-08-05 14:31:40] [INFO] [req_68923ff341de76.38212855] Resposta da autenticação | Context: {"http_code":404,"response":"{\"nome\":\"nao_encontrado\",\"mensagem\":\"Recurso n\u00e3o encontrado\"}","error":""} | Global: {"environment":"development","app":"Bol\u00e3o Vitimba"}
[2025-08-05 14:31:40] [ERROR] [req_68923ff341de76.38212855] Erro na autenticação | Context: {"http_code":404,"response":{"nome":"nao_encontrado","mensagem":"Recurso n\u00e3o encontrado"}} | Global: {"environment":"development","app":"Bol\u00e3o Vitimba"}
[2025-08-05 14:31:40] [ERROR] [req_68923ff341de76.38212855] Erro ao inicializar EfiPixManager (não fatal) | Context: {"error":"Erro na autentica\u00e7\u00e3o. HTTP Code: 404"} | Global: {"environment":"development","app":"Bol\u00e3o Vitimba"}
[2025-08-05 14:31:41] [INFO] [req_68923ff341de76.38212855] Resposta da autenticação | Context: {"http_code":404,"response":"{\"nome\":\"nao_encontrado\",\"mensagem\":\"Recurso n\u00e3o encontrado\"}","error":""} | Global: {"environment":"development","app":"Bol\u00e3o Vitimba"}
[2025-08-05 14:31:41] [ERROR] [req_68923ff341de76.38212855] Erro na autenticação | Context: {"http_code":404,"response":{"nome":"nao_encontrado","mensagem":"Recurso n\u00e3o encontrado"}} | Global: {"environment":"development","app":"Bol\u00e3o Vitimba"}
[2025-08-05 14:31:44] [INFO] [req_68923ff341de76.38212855] Resposta da autenticação | Context: {"http_code":404,"response":"{\"nome\":\"nao_encontrado\",\"mensagem\":\"Recurso n\u00e3o encontrado\"}","error":""} | Global: {"environment":"development","app":"Bol\u00e3o Vitimba"}
[2025-08-05 14:31:44] [ERROR] [req_68923ff341de76.38212855] Erro na autenticação | Context: {"http_code":404,"response":{"nome":"nao_encontrado","mensagem":"Recurso n\u00e3o encontrado"}} | Global: {"environment":"development","app":"Bol\u00e3o Vitimba"}
[2025-08-05 14:31:47] [INFO] [req_68923ff341de76.38212855] Resposta da autenticação | Context: {"http_code":404,"response":"{\"nome\":\"nao_encontrado\",\"mensagem\":\"Recurso n\u00e3o encontrado\"}","error":""} | Global: {"environment":"development","app":"Bol\u00e3o Vitimba"}
[2025-08-05 14:31:47] [ERROR] [req_68923ff341de76.38212855] Erro na autenticação | Context: {"http_code":404,"response":{"nome":"nao_encontrado","mensagem":"Recurso n\u00e3o encontrado"}} | Global: {"environment":"development","app":"Bol\u00e3o Vitimba"}
[2025-08-05 14:31:49] [INFO] [req_68923ff341de76.38212855] Resposta da autenticação | Context: {"http_code":404,"response":"{\"nome\":\"nao_encontrado\",\"mensagem\":\"Recurso n\u00e3o encontrado\"}","error":""} | Global: {"environment":"development","app":"Bol\u00e3o Vitimba"}
[2025-08-05 14:31:49] [ERROR] [req_68923ff341de76.38212855] Erro na autenticação | Context: {"http_code":404,"response":{"nome":"nao_encontrado","mensagem":"Recurso n\u00e3o encontrado"}} | Global: {"environment":"development","app":"Bol\u00e3o Vitimba"}
