Iniciando atualização de jogos: 2025-05-23 00:28:36
Atualização concluída: 2025-05-23 00:28:36 - 0 bolões atualizados.
----------------------------------------
Iniciando atualização de jogos: 2025-05-23 00:42:28
Atualização concluída: 2025-05-23 00:42:28 - 0 bolões atualizados.
----------------------------------------
Iniciando atualização de jogos: 2025-05-24 14:59:30
Jogo ID 1353341 atualizado - Goias 2 x 0 Ferroviária (Status: NS -> FT)
Bolão ID 1 (Bolão 24/05/2025 a 30/05/2025) atualizado com 1 jogos.
Jogo ID 1353341 atualizado - Goias 2 x 0 Ferroviária (Status: NS -> FT)
Bolão ID 2 (Bolão 22/05/2025 a 30/05/2025) atualizado com 1 jogos.
Jogo ID 1353341 atualizado - Goias 2 x 0 Ferroviária (Status: NS -> FT)
Bolão ID 3 (Bolão 24/05/2025 a 24/05/2025) atualizado com 1 jogos.
Jogo ID 1353341 atualizado - Goias 2 x 0 Ferroviária (Status: NS -> FT)
Bolão ID 4 (Bolão 23/05/2025 a 30/05/2025) atualizado com 1 jogos.
Atualização concluída: 2025-05-24 14:59:36 - 4 bolões atualizados.
----------------------------------------
Iniciando atualização de jogos: 2025-05-29 11:58:42
Jogo ID 1351133 atualizado - Fluminense 2 x 1 Vasco DA Gama (Status: NS -> FT)
Jogo ID 1351136 atualizado - Sao Paulo 0 x 2 Mirassol (Status: NS -> FT)
Jogo ID 1351138 atualizado - Atletico-MG 0 x 0 Corinthians (Status: NS -> FT)
Jogo ID 1351139 atualizado - Gremio 1 x 0 Bahia (Status: NS -> FT)
Jogo ID 1351135 atualizado - Palmeiras 0 x 2 Flamengo (Status: NS -> FT)
Jogo ID 1351142 atualizado - Sport Recife 1 x 1 Internacional (Status: NS -> FT)
Jogo ID 1351140 atualizado - Vitoria 0 x 1 Santos (Status: NS -> FT)
Jogo ID 1351141 atualizado - Fortaleza EC 0 x 2 Cruzeiro (Status: NS -> FT)
Jogo ID 1351137 atualizado - RB Bragantino 1 x 0 Juventude (Status: NS -> FT)
Jogo ID 1353340 atualizado - Atletico Paranaense 1 x 0 Athletic Club (Status: NS -> FT)
Bolão ID 1 (Bolão 24/05/2025 a 30/05/2025) atualizado com 10 jogos.
Jogo ID 1351133 atualizado - Fluminense 2 x 1 Vasco DA Gama (Status: NS -> FT)
Jogo ID 1351136 atualizado - Sao Paulo 0 x 2 Mirassol (Status: NS -> FT)
Jogo ID 1351138 atualizado - Atletico-MG 0 x 0 Corinthians (Status: NS -> FT)
Jogo ID 1351139 atualizado - Gremio 1 x 0 Bahia (Status: NS -> FT)
Jogo ID 1351135 atualizado - Palmeiras 0 x 2 Flamengo (Status: NS -> FT)
Jogo ID 1351142 atualizado - Sport Recife 1 x 1 Internacional (Status: NS -> FT)
Jogo ID 1351140 atualizado - Vitoria 0 x 1 Santos (Status: NS -> FT)
Jogo ID 1351141 atualizado - Fortaleza EC 0 x 2 Cruzeiro (Status: NS -> FT)
Jogo ID 1351137 atualizado - RB Bragantino 1 x 0 Juventude (Status: NS -> FT)
Jogo ID 1353340 atualizado - Atletico Paranaense 1 x 0 Athletic Club (Status: NS -> FT)
Bolão ID 2 (Bolão 22/05/2025 a 30/05/2025) atualizado com 10 jogos.
Jogo ID 1351133 atualizado - Fluminense 2 x 1 Vasco DA Gama (Status: NS -> FT)
Jogo ID 1351136 atualizado - Sao Paulo 0 x 2 Mirassol (Status: NS -> FT)
Jogo ID 1351138 atualizado - Atletico-MG 0 x 0 Corinthians (Status: NS -> FT)
Jogo ID 1351139 atualizado - Gremio 1 x 0 Bahia (Status: NS -> FT)
Jogo ID 1351135 atualizado - Palmeiras 0 x 2 Flamengo (Status: NS -> FT)
Jogo ID 1351142 atualizado - Sport Recife 1 x 1 Internacional (Status: NS -> FT)
Jogo ID 1351140 atualizado - Vitoria 0 x 1 Santos (Status: NS -> FT)
Jogo ID 1351141 atualizado - Fortaleza EC 0 x 2 Cruzeiro (Status: NS -> FT)
Jogo ID 1351137 atualizado - RB Bragantino 1 x 0 Juventude (Status: NS -> FT)
Jogo ID 1353340 atualizado - Atletico Paranaense 1 x 0 Athletic Club (Status: NS -> FT)
Bolão ID 3 (Bolão 24/05/2025 a 24/05/2025) atualizado com 10 jogos.
Jogo ID 1351133 atualizado - Fluminense 2 x 1 Vasco DA Gama (Status: NS -> FT)
Jogo ID 1351136 atualizado - Sao Paulo 0 x 2 Mirassol (Status: NS -> FT)
Jogo ID 1351138 atualizado - Atletico-MG 0 x 0 Corinthians (Status: NS -> FT)
Jogo ID 1351139 atualizado - Gremio 1 x 0 Bahia (Status: NS -> FT)
Jogo ID 1351135 atualizado - Palmeiras 0 x 2 Flamengo (Status: NS -> FT)
Jogo ID 1351142 atualizado - Sport Recife 1 x 1 Internacional (Status: NS -> FT)
Jogo ID 1351140 atualizado - Vitoria 0 x 1 Santos (Status: NS -> FT)
Jogo ID 1351141 atualizado - Fortaleza EC 0 x 2 Cruzeiro (Status: NS -> FT)
Jogo ID 1351137 atualizado - RB Bragantino 1 x 0 Juventude (Status: NS -> FT)
Jogo ID 1353340 atualizado - Atletico Paranaense 1 x 0 Athletic Club (Status: NS -> FT)
Bolão ID 4 (Bolão 23/05/2025 a 30/05/2025) atualizado com 10 jogos.
Jogo ID 1351138 atualizado - Atletico-MG 0 x 0 Corinthians (Status: NS -> FT)
Jogo ID 1351139 atualizado - Gremio 1 x 0 Bahia (Status: NS -> FT)
Jogo ID 1351135 atualizado - Palmeiras 0 x 2 Flamengo (Status: NS -> FT)
Jogo ID 1351142 atualizado - Sport Recife 1 x 1 Internacional (Status: NS -> FT)
Jogo ID 1351140 atualizado - Vitoria 0 x 1 Santos (Status: NS -> FT)
Jogo ID 1351141 atualizado - Fortaleza EC 0 x 2 Cruzeiro (Status: NS -> FT)
Jogo ID 1351137 atualizado - RB Bragantino 1 x 0 Juventude (Status: NS -> FT)
Jogo ID 1353348 atualizado - Novorizontino 3 x 1 Paysandu (Status: NS -> FT)
Jogo ID 1353346 atualizado - Amazonas 2 x 0 Operario-PR (Status: NS -> FT)
Jogo ID 1353345 atualizado - Criciuma 0 x 1 Coritiba (Status: NS -> FT)
Bolão ID 5 (Bolão 25/05/2025 a 31/05/2025) atualizado com 10 jogos.
Atualização concluída: 2025-05-29 12:00:00 - 5 bolões atualizados.
----------------------------------------
Iniciando atualização de jogos: 2025-05-29 12:32:22
Atualização concluída: 2025-05-29 12:32:22 - 0 bolões atualizados.
----------------------------------------
Iniciando atualização de jogos: 2025-05-29 13:41:06
Atualização concluída: 2025-05-29 13:41:06 - 0 bolões atualizados.
----------------------------------------
Iniciando atualização de jogos: 2025-05-30 13:16:44
Jogo ID 1353358 atualizado - Ferroviária 1 x 1 Botafogo SP (Status: NS -> FT)
Bolão ID 6 (Bolão 30/05/2025 a 01/06/2025) atualizado com 1 jogos.
Atualização concluída: 2025-05-30 13:16:47 - 1 bolões atualizados.
----------------------------------------
Iniciando atualização de jogos: 2025-06-04 11:09:23
Atualização concluída: 2025-06-04 11:09:23 - 0 bolões atualizados.
----------------------------------------
Iniciando atualização de jogos: 2025-06-11 22:17:37
Jogo ID 1351134 atualizado - Botafogo 3 x 2 Ceara (Status: NS -> FT)
Bolão ID 9 (Bolão 03/06/2025 a 30/06/2025) atualizado com 1 jogos.
Atualização concluída: 2025-06-11 22:17:43 - 1 bolões atualizados.
----------------------------------------
Iniciando atualização de jogos: 2025-06-11 22:28:10
Atualização concluída: 2025-06-11 22:28:15 - 0 bolões atualizados.
----------------------------------------
Iniciando atualização de jogos: 2025-06-11 22:56:59
Atualização concluída: 2025-06-11 22:57:03 - 0 bolões atualizados.
----------------------------------------
Iniciando atualização de jogos: 2025-06-13 12:55:15
Jogo ID 1351160 atualizado - Vitoria 0 x 0 Cruzeiro (Status: NS -> FT)
Jogo ID 1351157 atualizado - RB Bragantino 0 x 3 Bahia (Status: NS -> FT)
Jogo ID 1351161 atualizado - Fortaleza EC 2 x 3 Santos (Status: NS -> FT)
Jogo ID 1351159 atualizado - Gremio 1 x 1 Corinthians (Status: NS -> FT)
Jogo ID 1351156 atualizado - Sao Paulo 1 x 3 Vasco DA Gama (Status: NS -> FT)
Jogo ID 1351158 atualizado - Atletico-MG 2 x 0 Internacional (Status: NS -> FT)
Bolão ID 9 (Bolão 03/06/2025 a 30/06/2025) atualizado com 6 jogos.
Jogo ID 1351160 atualizado - Vitoria 0 x 0 Cruzeiro (Status: NS -> FT)
Jogo ID 1351157 atualizado - RB Bragantino 0 x 3 Bahia (Status: NS -> FT)
Jogo ID 1351161 atualizado - Fortaleza EC 2 x 3 Santos (Status: NS -> FT)
Jogo ID 1351159 atualizado - Gremio 1 x 1 Corinthians (Status: NS -> FT)
Jogo ID 1351156 atualizado - Sao Paulo 1 x 3 Vasco DA Gama (Status: NS -> FT)
Jogo ID 1351158 atualizado - Atletico-MG 2 x 0 Internacional (Status: NS -> FT)
Bolão ID 10 (Bolão 05/06/2025 a 20/06/2025) atualizado com 6 jogos.
Jogo ID 1351160 atualizado - Vitoria 0 x 0 Cruzeiro (Status: NS -> FT)
Jogo ID 1351157 atualizado - RB Bragantino 0 x 3 Bahia (Status: NS -> FT)
Jogo ID 1351161 atualizado - Fortaleza EC 2 x 3 Santos (Status: NS -> FT)
Jogo ID 1351159 atualizado - Gremio 1 x 1 Corinthians (Status: NS -> FT)
Jogo ID 1351156 atualizado - Sao Paulo 1 x 3 Vasco DA Gama (Status: NS -> FT)
Jogo ID 1351158 atualizado - Atletico-MG 2 x 0 Internacional (Status: NS -> FT)
Bolão ID 11 (Bolão 11/06/2025 a 20/06/2025) atualizado com 6 jogos.
Atualização concluída: 2025-06-13 12:55:47 - 3 bolões atualizados.
----------------------------------------
Iniciando atualização de jogos: 2025-06-13 15:00:51
Atualização concluída: 2025-06-13 15:00:56 - 0 bolões atualizados.
----------------------------------------
Iniciando atualização de jogos: 2025-06-14 13:17:30
Jogo ID 1353371 atualizado - Vila Nova 0 x 3 America Mineiro (Status: NS -> FT)
Bolão ID 10 (Bolão 05/06/2025 a 20/06/2025) atualizado com 1 jogos.
Jogo ID 1353371 atualizado - Vila Nova 0 x 3 America Mineiro (Status: NS -> FT)
Jogo ID 1353373 atualizado - Paysandu 1 x 0 Botafogo SP (Status: NS -> FT)
Bolão ID 11 (Bolão 11/06/2025 a 20/06/2025) atualizado com 2 jogos.
Atualização concluída: 2025-06-14 13:17:45 - 2 bolões atualizados.
----------------------------------------
Iniciando atualização de jogos: 2025-06-14 17:05:22
Jogo ID 1353376 atualizado - CRB 1 x 0 Goias (Status: NS -> HT)
Bolão ID 11 (Bolão 11/06/2025 a 20/06/2025) atualizado com 1 jogos.
Atualização concluída: 2025-06-14 17:05:30 - 1 bolões atualizados.
----------------------------------------
Iniciando atualização de jogos: 2025-07-04 14:29:30
Jogo ID 1353370 atualizado - Atletico Paranaense 2 x 1 remo (Status: NS -> FT)
Jogo ID 1353377 atualizado - Athletic Club 2 x 1 Operario-PR (Status: NS -> FT)
Bolão ID 11 (Bolão 11/06/2025 a 20/06/2025) atualizado com 2 jogos.
Jogo ID 1353392 atualizado - Cuiaba 0 x 1 Botafogo SP (Status: NS -> FT)
Jogo ID 1353393 atualizado - Paysandu 2 x 1 Ferroviária (Status: NS -> FT)
Jogo ID 1353402 atualizado - Atletico Goianiense 2 x 1 CRB (Status: NS -> FT)
Bolão ID 12 (Bolão 30/06/2025 a 12/07/2025) atualizado com 3 jogos.
Atualização concluída: 2025-07-04 14:29:42 - 2 bolões atualizados.
----------------------------------------
Iniciando atualização de jogos: 2025-07-04 14:35:28
Atualização concluída: 2025-07-04 14:35:33 - 0 bolões atualizados.
----------------------------------------
Iniciando atualização de jogos: 2025-07-04 15:48:13
Atualização concluída: 2025-07-04 15:48:18 - 0 bolões atualizados.
----------------------------------------
Iniciando atualização de jogos: 2025-07-10 16:23:40
Jogo ID 1353400 atualizado - Coritiba 2 x 0 Volta Redonda (Status: NS -> FT)
Jogo ID 1353403 atualizado - remo 0 x 0 Cuiaba (Status: NS -> FT)
Jogo ID 1353404 atualizado - Avai 0 x 0 Paysandu (Status: NS -> FT)
Jogo ID 1353406 atualizado - Amazonas 0 x 1 Atletico Paranaense (Status: NS -> FT)
Jogo ID 1353408 atualizado - Ferroviária 1 x 3 Vila Nova (Status: NS -> FT)
Jogo ID 1353409 atualizado - Botafogo SP 0 x 0 Novorizontino (Status: NS -> FT)
Jogo ID 1353407 atualizado - America Mineiro 0 x 1 Athletic Club (Status: NS -> FT)
Bolão ID 12 (Bolão 30/06/2025 a 12/07/2025) atualizado com 7 jogos.
Atualização concluída: 2025-07-10 16:24:00 - 1 bolões atualizados.
ERROS:
Resposta vazia da API para o jogo ID 1353405
----------------------------------------
Iniciando atualização de jogos: 2025-07-16 15:58:35
Jogo ID 1353405 atualizado - Operario-PR 1 x 2 Chapecoense-sc (Status: NS -> FT)
Bolão ID 12 (Bolão 30/06/2025 a 12/07/2025) atualizado com 1 jogos.
Atualização concluída: 2025-07-16 15:58:48 - 1 bolões atualizados.
----------------------------------------
[2025-07-21 10:31:23] Busca de jogos realizada: 0 jogos encontrados
[2025-07-21 10:31:25] Busca de jogos realizada: 0 jogos encontrados
[2025-07-21 10:48:15] Busca de jogos realizada: 0 jogos encontrados
[2025-07-21 10:48:17] Busca de jogos realizada: 0 jogos encontrados
[2025-07-21 10:54:19] Busca de jogos realizada: 0 jogos encontrados
[2025-07-21 10:54:21] Busca de jogos realizada: 0 jogos encontrados
