[2025-05-30 19:33:57] Dados recebidos:
{
    "bolao_id": 7,
    "user_id": 1
}
[2025-05-30 19:33:57] TXID encontrado:
"652102f2f53f4d646436810001"
[2025-05-30 19:33:58] Iniciando verificação de pagamento com TXID
"652102f2f53f4d646436810001"
[2025-05-30 19:33:59] Resposta da API:
{
    "calendario": {
        "criacao": "2025-05-30T22:21:22.000Z",
        "expiracao": 3600
    },
    "txid": "652102f2f53f4d646436810001",
    "revisao": 0,
    "status": "CONCLUIDA",
    "valor": {
        "original": "1.00"
    },
    "chave": "60409292-a359-4992-9f5f-5886bace6fe6",
    "solicitacaoPagador": "Pagamento Bol\u00e3o #7",
    "loc": {
        "id": 150,
        "location": "qrcodespix.sejaefi.com.br\/v2\/73e28443c0bd49bd81db932e4e58a68f",
        "tipoCob": "cob",
        "criacao": "2025-05-30T22:21:22.000Z"
    },
    "location": "qrcodespix.sejaefi.com.br\/v2\/73e28443c0bd49bd81db932e4e58a68f",
    "pixCopiaECola": "00020101021226830014BR.GOV.BCB.PIX2561qrcodespix.sejaefi.com.br\/v2\/73e28443c0bd49bd81db932e4e58a68f5204000053039865802BR5905EFISA6008SAOPAULO62070503***63049CAA",
    "pix": [
        {
            "endToEndId": "E18236120202505302221s0366655e12",
            "txid": "652102f2f53f4d646436810001",
            "valor": "1.00",
            "chave": "60409292-a359-4992-9f5f-5886bace6fe6",
            "horario": "2025-05-30T22:21:39.000Z"
        }
    ]
}
[2025-05-30 19:34:58] Dados recebidos:
{
    "bolao_id": 7,
    "user_id": 1
}
[2025-05-30 19:34:58] TXID encontrado:
"652102f2f53f4d646436810001"
[2025-05-30 19:34:59] Iniciando verificação de pagamento com TXID
"652102f2f53f4d646436810001"
[2025-05-30 19:35:00] Resposta da API:
{
    "calendario": {
        "criacao": "2025-05-30T22:21:22.000Z",
        "expiracao": 3600
    },
    "txid": "652102f2f53f4d646436810001",
    "revisao": 0,
    "status": "CONCLUIDA",
    "valor": {
        "original": "1.00"
    },
    "chave": "60409292-a359-4992-9f5f-5886bace6fe6",
    "solicitacaoPagador": "Pagamento Bol\u00e3o #7",
    "loc": {
        "id": 150,
        "location": "qrcodespix.sejaefi.com.br\/v2\/73e28443c0bd49bd81db932e4e58a68f",
        "tipoCob": "cob",
        "criacao": "2025-05-30T22:21:22.000Z"
    },
    "location": "qrcodespix.sejaefi.com.br\/v2\/73e28443c0bd49bd81db932e4e58a68f",
    "pixCopiaECola": "00020101021226830014BR.GOV.BCB.PIX2561qrcodespix.sejaefi.com.br\/v2\/73e28443c0bd49bd81db932e4e58a68f5204000053039865802BR5905EFISA6008SAOPAULO62070503***63049CAA",
    "pix": [
        {
            "endToEndId": "E18236120202505302221s0366655e12",
            "txid": "652102f2f53f4d646436810001",
            "valor": "1.00",
            "chave": "60409292-a359-4992-9f5f-5886bace6fe6",
            "horario": "2025-05-30T22:21:39.000Z"
        }
    ]
}
[2025-05-30 19:35:57] Dados recebidos:
{
    "bolao_id": 7,
    "user_id": 1
}
[2025-05-30 19:35:57] TXID encontrado:
"652102f2f53f4d646436810001"
[2025-05-30 19:35:58] Iniciando verificação de pagamento com TXID
"652102f2f53f4d646436810001"
[2025-05-30 19:35:59] Resposta da API:
{
    "calendario": {
        "criacao": "2025-05-30T22:21:22.000Z",
        "expiracao": 3600
    },
    "txid": "652102f2f53f4d646436810001",
    "revisao": 0,
    "status": "CONCLUIDA",
    "valor": {
        "original": "1.00"
    },
    "chave": "60409292-a359-4992-9f5f-5886bace6fe6",
    "solicitacaoPagador": "Pagamento Bol\u00e3o #7",
    "loc": {
        "id": 150,
        "location": "qrcodespix.sejaefi.com.br\/v2\/73e28443c0bd49bd81db932e4e58a68f",
        "tipoCob": "cob",
        "criacao": "2025-05-30T22:21:22.000Z"
    },
    "location": "qrcodespix.sejaefi.com.br\/v2\/73e28443c0bd49bd81db932e4e58a68f",
    "pixCopiaECola": "00020101021226830014BR.GOV.BCB.PIX2561qrcodespix.sejaefi.com.br\/v2\/73e28443c0bd49bd81db932e4e58a68f5204000053039865802BR5905EFISA6008SAOPAULO62070503***63049CAA",
    "pix": [
        {
            "endToEndId": "E18236120202505302221s0366655e12",
            "txid": "652102f2f53f4d646436810001",
            "valor": "1.00",
            "chave": "60409292-a359-4992-9f5f-5886bace6fe6",
            "horario": "2025-05-30T22:21:39.000Z"
        }
    ]
}
[2025-05-30 19:36:27] Dados recebidos:
{
    "bolao_id": 7,
    "user_id": 1
}
[2025-05-30 19:36:27] TXID encontrado:
"652102f2f53f4d646436810001"
[2025-05-30 19:36:28] Iniciando verificação de pagamento com TXID
"652102f2f53f4d646436810001"
[2025-05-30 19:36:29] Resposta da API:
{
    "calendario": {
        "criacao": "2025-05-30T22:21:22.000Z",
        "expiracao": 3600
    },
    "txid": "652102f2f53f4d646436810001",
    "revisao": 0,
    "status": "CONCLUIDA",
    "valor": {
        "original": "1.00"
    },
    "chave": "60409292-a359-4992-9f5f-5886bace6fe6",
    "solicitacaoPagador": "Pagamento Bol\u00e3o #7",
    "loc": {
        "id": 150,
        "location": "qrcodespix.sejaefi.com.br\/v2\/73e28443c0bd49bd81db932e4e58a68f",
        "tipoCob": "cob",
        "criacao": "2025-05-30T22:21:22.000Z"
    },
    "location": "qrcodespix.sejaefi.com.br\/v2\/73e28443c0bd49bd81db932e4e58a68f",
    "pixCopiaECola": "00020101021226830014BR.GOV.BCB.PIX2561qrcodespix.sejaefi.com.br\/v2\/73e28443c0bd49bd81db932e4e58a68f5204000053039865802BR5905EFISA6008SAOPAULO62070503***63049CAA",
    "pix": [
        {
            "endToEndId": "E18236120202505302221s0366655e12",
            "txid": "652102f2f53f4d646436810001",
            "valor": "1.00",
            "chave": "60409292-a359-4992-9f5f-5886bace6fe6",
            "horario": "2025-05-30T22:21:39.000Z"
        }
    ]
}
[2025-05-30 19:36:34] Dados recebidos:
{
    "bolao_id": 7,
    "user_id": 1
}
[2025-05-30 19:36:34] TXID encontrado:
"652102f2f53f4d646436810001"
[2025-05-30 19:36:35] Iniciando verificação de pagamento com TXID
"652102f2f53f4d646436810001"
[2025-05-30 19:36:35] Resposta da API:
{
    "calendario": {
        "criacao": "2025-05-30T22:21:22.000Z",
        "expiracao": 3600
    },
    "txid": "652102f2f53f4d646436810001",
    "revisao": 0,
    "status": "CONCLUIDA",
    "valor": {
        "original": "1.00"
    },
    "chave": "60409292-a359-4992-9f5f-5886bace6fe6",
    "solicitacaoPagador": "Pagamento Bol\u00e3o #7",
    "loc": {
        "id": 150,
        "location": "qrcodespix.sejaefi.com.br\/v2\/73e28443c0bd49bd81db932e4e58a68f",
        "tipoCob": "cob",
        "criacao": "2025-05-30T22:21:22.000Z"
    },
    "location": "qrcodespix.sejaefi.com.br\/v2\/73e28443c0bd49bd81db932e4e58a68f",
    "pixCopiaECola": "00020101021226830014BR.GOV.BCB.PIX2561qrcodespix.sejaefi.com.br\/v2\/73e28443c0bd49bd81db932e4e58a68f5204000053039865802BR5905EFISA6008SAOPAULO62070503***63049CAA",
    "pix": [
        {
            "endToEndId": "E18236120202505302221s0366655e12",
            "txid": "652102f2f53f4d646436810001",
            "valor": "1.00",
            "chave": "60409292-a359-4992-9f5f-5886bace6fe6",
            "horario": "2025-05-30T22:21:39.000Z"
        }
    ]
}
[2025-05-30 19:36:44] Dados recebidos:
{
    "bolao_id": 7,
    "user_id": 1
}
[2025-05-30 19:36:44] TXID encontrado:
"652102f2f53f4d646436810001"
[2025-05-30 19:36:45] Iniciando verificação de pagamento com TXID
"652102f2f53f4d646436810001"
[2025-05-30 19:36:46] Resposta da API:
{
    "calendario": {
        "criacao": "2025-05-30T22:21:22.000Z",
        "expiracao": 3600
    },
    "txid": "652102f2f53f4d646436810001",
    "revisao": 0,
    "status": "CONCLUIDA",
    "valor": {
        "original": "1.00"
    },
    "chave": "60409292-a359-4992-9f5f-5886bace6fe6",
    "solicitacaoPagador": "Pagamento Bol\u00e3o #7",
    "loc": {
        "id": 150,
        "location": "qrcodespix.sejaefi.com.br\/v2\/73e28443c0bd49bd81db932e4e58a68f",
        "tipoCob": "cob",
        "criacao": "2025-05-30T22:21:22.000Z"
    },
    "location": "qrcodespix.sejaefi.com.br\/v2\/73e28443c0bd49bd81db932e4e58a68f",
    "pixCopiaECola": "00020101021226830014BR.GOV.BCB.PIX2561qrcodespix.sejaefi.com.br\/v2\/73e28443c0bd49bd81db932e4e58a68f5204000053039865802BR5905EFISA6008SAOPAULO62070503***63049CAA",
    "pix": [
        {
            "endToEndId": "E18236120202505302221s0366655e12",
            "txid": "652102f2f53f4d646436810001",
            "valor": "1.00",
            "chave": "60409292-a359-4992-9f5f-5886bace6fe6",
            "horario": "2025-05-30T22:21:39.000Z"
        }
    ]
}
[2025-05-30 19:36:54] Dados recebidos:
{
    "bolao_id": 7,
    "user_id": 1
}
[2025-05-30 19:36:54] TXID encontrado:
"652102f2f53f4d646436810001"
[2025-05-30 19:36:55] Iniciando verificação de pagamento com TXID
"652102f2f53f4d646436810001"
[2025-05-30 19:36:55] Resposta da API:
{
    "calendario": {
        "criacao": "2025-05-30T22:21:22.000Z",
        "expiracao": 3600
    },
    "txid": "652102f2f53f4d646436810001",
    "revisao": 0,
    "status": "CONCLUIDA",
    "valor": {
        "original": "1.00"
    },
    "chave": "60409292-a359-4992-9f5f-5886bace6fe6",
    "solicitacaoPagador": "Pagamento Bol\u00e3o #7",
    "loc": {
        "id": 150,
        "location": "qrcodespix.sejaefi.com.br\/v2\/73e28443c0bd49bd81db932e4e58a68f",
        "tipoCob": "cob",
        "criacao": "2025-05-30T22:21:22.000Z"
    },
    "location": "qrcodespix.sejaefi.com.br\/v2\/73e28443c0bd49bd81db932e4e58a68f",
    "pixCopiaECola": "00020101021226830014BR.GOV.BCB.PIX2561qrcodespix.sejaefi.com.br\/v2\/73e28443c0bd49bd81db932e4e58a68f5204000053039865802BR5905EFISA6008SAOPAULO62070503***63049CAA",
    "pix": [
        {
            "endToEndId": "E18236120202505302221s0366655e12",
            "txid": "652102f2f53f4d646436810001",
            "valor": "1.00",
            "chave": "60409292-a359-4992-9f5f-5886bace6fe6",
            "horario": "2025-05-30T22:21:39.000Z"
        }
    ]
}
[2025-05-30 19:37:04] Dados recebidos:
{
    "bolao_id": 7,
    "user_id": 1
}
[2025-05-30 19:37:04] TXID encontrado:
"652102f2f53f4d646436810001"
[2025-05-30 19:37:05] Iniciando verificação de pagamento com TXID
"652102f2f53f4d646436810001"
[2025-05-30 19:37:05] Resposta da API:
{
    "calendario": {
        "criacao": "2025-05-30T22:21:22.000Z",
        "expiracao": 3600
    },
    "txid": "652102f2f53f4d646436810001",
    "revisao": 0,
    "status": "CONCLUIDA",
    "valor": {
        "original": "1.00"
    },
    "chave": "60409292-a359-4992-9f5f-5886bace6fe6",
    "solicitacaoPagador": "Pagamento Bol\u00e3o #7",
    "loc": {
        "id": 150,
        "location": "qrcodespix.sejaefi.com.br\/v2\/73e28443c0bd49bd81db932e4e58a68f",
        "tipoCob": "cob",
        "criacao": "2025-05-30T22:21:22.000Z"
    },
    "location": "qrcodespix.sejaefi.com.br\/v2\/73e28443c0bd49bd81db932e4e58a68f",
    "pixCopiaECola": "00020101021226830014BR.GOV.BCB.PIX2561qrcodespix.sejaefi.com.br\/v2\/73e28443c0bd49bd81db932e4e58a68f5204000053039865802BR5905EFISA6008SAOPAULO62070503***63049CAA",
    "pix": [
        {
            "endToEndId": "E18236120202505302221s0366655e12",
            "txid": "652102f2f53f4d646436810001",
            "valor": "1.00",
            "chave": "60409292-a359-4992-9f5f-5886bace6fe6",
            "horario": "2025-05-30T22:21:39.000Z"
        }
    ]
}
[2025-05-30 19:37:14] Dados recebidos:
{
    "bolao_id": 7,
    "user_id": 1
}
[2025-05-30 19:37:14] TXID encontrado:
"652102f2f53f4d646436810001"
[2025-05-30 19:37:15] Iniciando verificação de pagamento com TXID
"652102f2f53f4d646436810001"
[2025-05-30 19:37:15] Resposta da API:
{
    "calendario": {
        "criacao": "2025-05-30T22:21:22.000Z",
        "expiracao": 3600
    },
    "txid": "652102f2f53f4d646436810001",
    "revisao": 0,
    "status": "CONCLUIDA",
    "valor": {
        "original": "1.00"
    },
    "chave": "60409292-a359-4992-9f5f-5886bace6fe6",
    "solicitacaoPagador": "Pagamento Bol\u00e3o #7",
    "loc": {
        "id": 150,
        "location": "qrcodespix.sejaefi.com.br\/v2\/73e28443c0bd49bd81db932e4e58a68f",
        "tipoCob": "cob",
        "criacao": "2025-05-30T22:21:22.000Z"
    },
    "location": "qrcodespix.sejaefi.com.br\/v2\/73e28443c0bd49bd81db932e4e58a68f",
    "pixCopiaECola": "00020101021226830014BR.GOV.BCB.PIX2561qrcodespix.sejaefi.com.br\/v2\/73e28443c0bd49bd81db932e4e58a68f5204000053039865802BR5905EFISA6008SAOPAULO62070503***63049CAA",
    "pix": [
        {
            "endToEndId": "E18236120202505302221s0366655e12",
            "txid": "652102f2f53f4d646436810001",
            "valor": "1.00",
            "chave": "60409292-a359-4992-9f5f-5886bace6fe6",
            "horario": "2025-05-30T22:21:39.000Z"
        }
    ]
}
[2025-05-30 19:37:24] Dados recebidos:
{
    "bolao_id": 7,
    "user_id": 1
}
[2025-05-30 19:37:24] TXID encontrado:
"652102f2f53f4d646436810001"
[2025-05-30 19:37:25] Iniciando verificação de pagamento com TXID
"652102f2f53f4d646436810001"
[2025-05-30 19:37:26] Resposta da API:
{
    "calendario": {
        "criacao": "2025-05-30T22:21:22.000Z",
        "expiracao": 3600
    },
    "txid": "652102f2f53f4d646436810001",
    "revisao": 0,
    "status": "CONCLUIDA",
    "valor": {
        "original": "1.00"
    },
    "chave": "60409292-a359-4992-9f5f-5886bace6fe6",
    "solicitacaoPagador": "Pagamento Bol\u00e3o #7",
    "loc": {
        "id": 150,
        "location": "qrcodespix.sejaefi.com.br\/v2\/73e28443c0bd49bd81db932e4e58a68f",
        "tipoCob": "cob",
        "criacao": "2025-05-30T22:21:22.000Z"
    },
    "location": "qrcodespix.sejaefi.com.br\/v2\/73e28443c0bd49bd81db932e4e58a68f",
    "pixCopiaECola": "00020101021226830014BR.GOV.BCB.PIX2561qrcodespix.sejaefi.com.br\/v2\/73e28443c0bd49bd81db932e4e58a68f5204000053039865802BR5905EFISA6008SAOPAULO62070503***63049CAA",
    "pix": [
        {
            "endToEndId": "E18236120202505302221s0366655e12",
            "txid": "652102f2f53f4d646436810001",
            "valor": "1.00",
            "chave": "60409292-a359-4992-9f5f-5886bace6fe6",
            "horario": "2025-05-30T22:21:39.000Z"
        }
    ]
}
[2025-05-30 19:37:57] Dados recebidos:
{
    "bolao_id": 7,
    "user_id": 1
}
[2025-05-30 19:37:57] TXID encontrado:
"652102f2f53f4d646436810001"
[2025-05-30 19:37:58] Iniciando verificação de pagamento com TXID
"652102f2f53f4d646436810001"
[2025-05-30 19:37:59] Resposta da API:
{
    "calendario": {
        "criacao": "2025-05-30T22:21:22.000Z",
        "expiracao": 3600
    },
    "txid": "652102f2f53f4d646436810001",
    "revisao": 0,
    "status": "CONCLUIDA",
    "valor": {
        "original": "1.00"
    },
    "chave": "60409292-a359-4992-9f5f-5886bace6fe6",
    "solicitacaoPagador": "Pagamento Bol\u00e3o #7",
    "loc": {
        "id": 150,
        "location": "qrcodespix.sejaefi.com.br\/v2\/73e28443c0bd49bd81db932e4e58a68f",
        "tipoCob": "cob",
        "criacao": "2025-05-30T22:21:22.000Z"
    },
    "location": "qrcodespix.sejaefi.com.br\/v2\/73e28443c0bd49bd81db932e4e58a68f",
    "pixCopiaECola": "00020101021226830014BR.GOV.BCB.PIX2561qrcodespix.sejaefi.com.br\/v2\/73e28443c0bd49bd81db932e4e58a68f5204000053039865802BR5905EFISA6008SAOPAULO62070503***63049CAA",
    "pix": [
        {
            "endToEndId": "E18236120202505302221s0366655e12",
            "txid": "652102f2f53f4d646436810001",
            "valor": "1.00",
            "chave": "60409292-a359-4992-9f5f-5886bace6fe6",
            "horario": "2025-05-30T22:21:39.000Z"
        }
    ]
}
[2025-05-30 19:38:19] Dados recebidos:
{
    "bolao_id": 7,
    "user_id": 1
}
[2025-05-30 19:38:19] TXID encontrado:
"652102f2f53f4d646436810001"
[2025-05-30 19:38:20] Iniciando verificação de pagamento com TXID
"652102f2f53f4d646436810001"
[2025-05-30 19:38:20] Resposta da API:
{
    "calendario": {
        "criacao": "2025-05-30T22:21:22.000Z",
        "expiracao": 3600
    },
    "txid": "652102f2f53f4d646436810001",
    "revisao": 0,
    "status": "CONCLUIDA",
    "valor": {
        "original": "1.00"
    },
    "chave": "60409292-a359-4992-9f5f-5886bace6fe6",
    "solicitacaoPagador": "Pagamento Bol\u00e3o #7",
    "loc": {
        "id": 150,
        "location": "qrcodespix.sejaefi.com.br\/v2\/73e28443c0bd49bd81db932e4e58a68f",
        "tipoCob": "cob",
        "criacao": "2025-05-30T22:21:22.000Z"
    },
    "location": "qrcodespix.sejaefi.com.br\/v2\/73e28443c0bd49bd81db932e4e58a68f",
    "pixCopiaECola": "00020101021226830014BR.GOV.BCB.PIX2561qrcodespix.sejaefi.com.br\/v2\/73e28443c0bd49bd81db932e4e58a68f5204000053039865802BR5905EFISA6008SAOPAULO62070503***63049CAA",
    "pix": [
        {
            "endToEndId": "E18236120202505302221s0366655e12",
            "txid": "652102f2f53f4d646436810001",
            "valor": "1.00",
            "chave": "60409292-a359-4992-9f5f-5886bace6fe6",
            "horario": "2025-05-30T22:21:39.000Z"
        }
    ]
}
[2025-05-30 19:38:23] Dados recebidos:
{
    "bolao_id": 7,
    "user_id": 1
}
[2025-05-30 19:38:23] TXID encontrado:
"652102f2f53f4d646436810001"
[2025-05-30 19:38:24] Iniciando verificação de pagamento com TXID
"652102f2f53f4d646436810001"
[2025-05-30 19:38:24] Resposta da API:
{
    "calendario": {
        "criacao": "2025-05-30T22:21:22.000Z",
        "expiracao": 3600
    },
    "txid": "652102f2f53f4d646436810001",
    "revisao": 0,
    "status": "CONCLUIDA",
    "valor": {
        "original": "1.00"
    },
    "chave": "60409292-a359-4992-9f5f-5886bace6fe6",
    "solicitacaoPagador": "Pagamento Bol\u00e3o #7",
    "loc": {
        "id": 150,
        "location": "qrcodespix.sejaefi.com.br\/v2\/73e28443c0bd49bd81db932e4e58a68f",
        "tipoCob": "cob",
        "criacao": "2025-05-30T22:21:22.000Z"
    },
    "location": "qrcodespix.sejaefi.com.br\/v2\/73e28443c0bd49bd81db932e4e58a68f",
    "pixCopiaECola": "00020101021226830014BR.GOV.BCB.PIX2561qrcodespix.sejaefi.com.br\/v2\/73e28443c0bd49bd81db932e4e58a68f5204000053039865802BR5905EFISA6008SAOPAULO62070503***63049CAA",
    "pix": [
        {
            "endToEndId": "E18236120202505302221s0366655e12",
            "txid": "652102f2f53f4d646436810001",
            "valor": "1.00",
            "chave": "60409292-a359-4992-9f5f-5886bace6fe6",
            "horario": "2025-05-30T22:21:39.000Z"
        }
    ]
}
[2025-05-30 19:38:34] Dados recebidos:
{
    "bolao_id": 7,
    "user_id": 1
}
[2025-05-30 19:38:34] TXID encontrado:
"652102f2f53f4d646436810001"
[2025-05-30 19:38:35] Iniciando verificação de pagamento com TXID
"652102f2f53f4d646436810001"
[2025-05-30 19:38:36] Resposta da API:
{
    "calendario": {
        "criacao": "2025-05-30T22:21:22.000Z",
        "expiracao": 3600
    },
    "txid": "652102f2f53f4d646436810001",
    "revisao": 0,
    "status": "CONCLUIDA",
    "valor": {
        "original": "1.00"
    },
    "chave": "60409292-a359-4992-9f5f-5886bace6fe6",
    "solicitacaoPagador": "Pagamento Bol\u00e3o #7",
    "loc": {
        "id": 150,
        "location": "qrcodespix.sejaefi.com.br\/v2\/73e28443c0bd49bd81db932e4e58a68f",
        "tipoCob": "cob",
        "criacao": "2025-05-30T22:21:22.000Z"
    },
    "location": "qrcodespix.sejaefi.com.br\/v2\/73e28443c0bd49bd81db932e4e58a68f",
    "pixCopiaECola": "00020101021226830014BR.GOV.BCB.PIX2561qrcodespix.sejaefi.com.br\/v2\/73e28443c0bd49bd81db932e4e58a68f5204000053039865802BR5905EFISA6008SAOPAULO62070503***63049CAA",
    "pix": [
        {
            "endToEndId": "E18236120202505302221s0366655e12",
            "txid": "652102f2f53f4d646436810001",
            "valor": "1.00",
            "chave": "60409292-a359-4992-9f5f-5886bace6fe6",
            "horario": "2025-05-30T22:21:39.000Z"
        }
    ]
}
[2025-05-30 19:38:44] Dados recebidos:
{
    "bolao_id": 7,
    "user_id": 1
}
[2025-05-30 19:38:44] TXID encontrado:
"652102f2f53f4d646436810001"
[2025-05-30 19:38:45] Iniciando verificação de pagamento com TXID
"652102f2f53f4d646436810001"
[2025-05-30 19:38:45] Resposta da API:
{
    "calendario": {
        "criacao": "2025-05-30T22:21:22.000Z",
        "expiracao": 3600
    },
    "txid": "652102f2f53f4d646436810001",
    "revisao": 0,
    "status": "CONCLUIDA",
    "valor": {
        "original": "1.00"
    },
    "chave": "60409292-a359-4992-9f5f-5886bace6fe6",
    "solicitacaoPagador": "Pagamento Bol\u00e3o #7",
    "loc": {
        "id": 150,
        "location": "qrcodespix.sejaefi.com.br\/v2\/73e28443c0bd49bd81db932e4e58a68f",
        "tipoCob": "cob",
        "criacao": "2025-05-30T22:21:22.000Z"
    },
    "location": "qrcodespix.sejaefi.com.br\/v2\/73e28443c0bd49bd81db932e4e58a68f",
    "pixCopiaECola": "00020101021226830014BR.GOV.BCB.PIX2561qrcodespix.sejaefi.com.br\/v2\/73e28443c0bd49bd81db932e4e58a68f5204000053039865802BR5905EFISA6008SAOPAULO62070503***63049CAA",
    "pix": [
        {
            "endToEndId": "E18236120202505302221s0366655e12",
            "txid": "652102f2f53f4d646436810001",
            "valor": "1.00",
            "chave": "60409292-a359-4992-9f5f-5886bace6fe6",
            "horario": "2025-05-30T22:21:39.000Z"
        }
    ]
}
[2025-05-30 19:38:54] Dados recebidos:
{
    "bolao_id": 7,
    "user_id": 1
}
[2025-05-30 19:38:54] TXID encontrado:
"652102f2f53f4d646436810001"
[2025-05-30 19:38:55] Iniciando verificação de pagamento com TXID
"652102f2f53f4d646436810001"
[2025-05-30 19:38:56] Resposta da API:
{
    "calendario": {
        "criacao": "2025-05-30T22:21:22.000Z",
        "expiracao": 3600
    },
    "txid": "652102f2f53f4d646436810001",
    "revisao": 0,
    "status": "CONCLUIDA",
    "valor": {
        "original": "1.00"
    },
    "chave": "60409292-a359-4992-9f5f-5886bace6fe6",
    "solicitacaoPagador": "Pagamento Bol\u00e3o #7",
    "loc": {
        "id": 150,
        "location": "qrcodespix.sejaefi.com.br\/v2\/73e28443c0bd49bd81db932e4e58a68f",
        "tipoCob": "cob",
        "criacao": "2025-05-30T22:21:22.000Z"
    },
    "location": "qrcodespix.sejaefi.com.br\/v2\/73e28443c0bd49bd81db932e4e58a68f",
    "pixCopiaECola": "00020101021226830014BR.GOV.BCB.PIX2561qrcodespix.sejaefi.com.br\/v2\/73e28443c0bd49bd81db932e4e58a68f5204000053039865802BR5905EFISA6008SAOPAULO62070503***63049CAA",
    "pix": [
        {
            "endToEndId": "E18236120202505302221s0366655e12",
            "txid": "652102f2f53f4d646436810001",
            "valor": "1.00",
            "chave": "60409292-a359-4992-9f5f-5886bace6fe6",
            "horario": "2025-05-30T22:21:39.000Z"
        }
    ]
}
[2025-05-30 19:39:04] Dados recebidos:
{
    "bolao_id": 7,
    "user_id": 1
}
[2025-05-30 19:39:04] TXID encontrado:
"652102f2f53f4d646436810001"
[2025-05-30 19:39:05] Iniciando verificação de pagamento com TXID
"652102f2f53f4d646436810001"
[2025-05-30 19:39:06] Resposta da API:
{
    "calendario": {
        "criacao": "2025-05-30T22:21:22.000Z",
        "expiracao": 3600
    },
    "txid": "652102f2f53f4d646436810001",
    "revisao": 0,
    "status": "CONCLUIDA",
    "valor": {
        "original": "1.00"
    },
    "chave": "60409292-a359-4992-9f5f-5886bace6fe6",
    "solicitacaoPagador": "Pagamento Bol\u00e3o #7",
    "loc": {
        "id": 150,
        "location": "qrcodespix.sejaefi.com.br\/v2\/73e28443c0bd49bd81db932e4e58a68f",
        "tipoCob": "cob",
        "criacao": "2025-05-30T22:21:22.000Z"
    },
    "location": "qrcodespix.sejaefi.com.br\/v2\/73e28443c0bd49bd81db932e4e58a68f",
    "pixCopiaECola": "00020101021226830014BR.GOV.BCB.PIX2561qrcodespix.sejaefi.com.br\/v2\/73e28443c0bd49bd81db932e4e58a68f5204000053039865802BR5905EFISA6008SAOPAULO62070503***63049CAA",
    "pix": [
        {
            "endToEndId": "E18236120202505302221s0366655e12",
            "txid": "652102f2f53f4d646436810001",
            "valor": "1.00",
            "chave": "60409292-a359-4992-9f5f-5886bace6fe6",
            "horario": "2025-05-30T22:21:39.000Z"
        }
    ]
}
[2025-05-30 19:39:14] Dados recebidos:
{
    "bolao_id": 7,
    "user_id": 1
}
[2025-05-30 19:39:14] TXID encontrado:
"652102f2f53f4d646436810001"
[2025-05-30 19:39:15] Iniciando verificação de pagamento com TXID
"652102f2f53f4d646436810001"
[2025-05-30 19:39:15] Resposta da API:
{
    "calendario": {
        "criacao": "2025-05-30T22:21:22.000Z",
        "expiracao": 3600
    },
    "txid": "652102f2f53f4d646436810001",
    "revisao": 0,
    "status": "CONCLUIDA",
    "valor": {
        "original": "1.00"
    },
    "chave": "60409292-a359-4992-9f5f-5886bace6fe6",
    "solicitacaoPagador": "Pagamento Bol\u00e3o #7",
    "loc": {
        "id": 150,
        "location": "qrcodespix.sejaefi.com.br\/v2\/73e28443c0bd49bd81db932e4e58a68f",
        "tipoCob": "cob",
        "criacao": "2025-05-30T22:21:22.000Z"
    },
    "location": "qrcodespix.sejaefi.com.br\/v2\/73e28443c0bd49bd81db932e4e58a68f",
    "pixCopiaECola": "00020101021226830014BR.GOV.BCB.PIX2561qrcodespix.sejaefi.com.br\/v2\/73e28443c0bd49bd81db932e4e58a68f5204000053039865802BR5905EFISA6008SAOPAULO62070503***63049CAA",
    "pix": [
        {
            "endToEndId": "E18236120202505302221s0366655e12",
            "txid": "652102f2f53f4d646436810001",
            "valor": "1.00",
            "chave": "60409292-a359-4992-9f5f-5886bace6fe6",
            "horario": "2025-05-30T22:21:39.000Z"
        }
    ]
}
[2025-05-30 19:39:24] Dados recebidos:
{
    "bolao_id": 7,
    "user_id": 1
}
[2025-05-30 19:39:24] TXID encontrado:
"652102f2f53f4d646436810001"
[2025-05-30 19:39:25] Iniciando verificação de pagamento com TXID
"652102f2f53f4d646436810001"
[2025-05-30 19:39:26] Resposta da API:
{
    "calendario": {
        "criacao": "2025-05-30T22:21:22.000Z",
        "expiracao": 3600
    },
    "txid": "652102f2f53f4d646436810001",
    "revisao": 0,
    "status": "CONCLUIDA",
    "valor": {
        "original": "1.00"
    },
    "chave": "60409292-a359-4992-9f5f-5886bace6fe6",
    "solicitacaoPagador": "Pagamento Bol\u00e3o #7",
    "loc": {
        "id": 150,
        "location": "qrcodespix.sejaefi.com.br\/v2\/73e28443c0bd49bd81db932e4e58a68f",
        "tipoCob": "cob",
        "criacao": "2025-05-30T22:21:22.000Z"
    },
    "location": "qrcodespix.sejaefi.com.br\/v2\/73e28443c0bd49bd81db932e4e58a68f",
    "pixCopiaECola": "00020101021226830014BR.GOV.BCB.PIX2561qrcodespix.sejaefi.com.br\/v2\/73e28443c0bd49bd81db932e4e58a68f5204000053039865802BR5905EFISA6008SAOPAULO62070503***63049CAA",
    "pix": [
        {
            "endToEndId": "E18236120202505302221s0366655e12",
            "txid": "652102f2f53f4d646436810001",
            "valor": "1.00",
            "chave": "60409292-a359-4992-9f5f-5886bace6fe6",
            "horario": "2025-05-30T22:21:39.000Z"
        }
    ]
}
[2025-05-30 19:39:57] Dados recebidos:
{
    "bolao_id": 7,
    "user_id": 1
}
[2025-05-30 19:39:57] TXID encontrado:
"652102f2f53f4d646436810001"
[2025-05-30 19:39:58] Iniciando verificação de pagamento com TXID
"652102f2f53f4d646436810001"
[2025-05-30 19:39:58] Resposta da API:
{
    "calendario": {
        "criacao": "2025-05-30T22:21:22.000Z",
        "expiracao": 3600
    },
    "txid": "652102f2f53f4d646436810001",
    "revisao": 0,
    "status": "CONCLUIDA",
    "valor": {
        "original": "1.00"
    },
    "chave": "60409292-a359-4992-9f5f-5886bace6fe6",
    "solicitacaoPagador": "Pagamento Bol\u00e3o #7",
    "loc": {
        "id": 150,
        "location": "qrcodespix.sejaefi.com.br\/v2\/73e28443c0bd49bd81db932e4e58a68f",
        "tipoCob": "cob",
        "criacao": "2025-05-30T22:21:22.000Z"
    },
    "location": "qrcodespix.sejaefi.com.br\/v2\/73e28443c0bd49bd81db932e4e58a68f",
    "pixCopiaECola": "00020101021226830014BR.GOV.BCB.PIX2561qrcodespix.sejaefi.com.br\/v2\/73e28443c0bd49bd81db932e4e58a68f5204000053039865802BR5905EFISA6008SAOPAULO62070503***63049CAA",
    "pix": [
        {
            "endToEndId": "E18236120202505302221s0366655e12",
            "txid": "652102f2f53f4d646436810001",
            "valor": "1.00",
            "chave": "60409292-a359-4992-9f5f-5886bace6fe6",
            "horario": "2025-05-30T22:21:39.000Z"
        }
    ]
}
[2025-05-30 19:40:03] Dados recebidos:
{
    "bolao_id": 7,
    "user_id": 1
}
[2025-05-30 19:40:03] TXID encontrado:
"652102f2f53f4d646436810001"
[2025-05-30 19:40:04] Iniciando verificação de pagamento com TXID
"652102f2f53f4d646436810001"
[2025-05-30 19:40:04] Resposta da API:
{
    "calendario": {
        "criacao": "2025-05-30T22:21:22.000Z",
        "expiracao": 3600
    },
    "txid": "652102f2f53f4d646436810001",
    "revisao": 0,
    "status": "CONCLUIDA",
    "valor": {
        "original": "1.00"
    },
    "chave": "60409292-a359-4992-9f5f-5886bace6fe6",
    "solicitacaoPagador": "Pagamento Bol\u00e3o #7",
    "loc": {
        "id": 150,
        "location": "qrcodespix.sejaefi.com.br\/v2\/73e28443c0bd49bd81db932e4e58a68f",
        "tipoCob": "cob",
        "criacao": "2025-05-30T22:21:22.000Z"
    },
    "location": "qrcodespix.sejaefi.com.br\/v2\/73e28443c0bd49bd81db932e4e58a68f",
    "pixCopiaECola": "00020101021226830014BR.GOV.BCB.PIX2561qrcodespix.sejaefi.com.br\/v2\/73e28443c0bd49bd81db932e4e58a68f5204000053039865802BR5905EFISA6008SAOPAULO62070503***63049CAA",
    "pix": [
        {
            "endToEndId": "E18236120202505302221s0366655e12",
            "txid": "652102f2f53f4d646436810001",
            "valor": "1.00",
            "chave": "60409292-a359-4992-9f5f-5886bace6fe6",
            "horario": "2025-05-30T22:21:39.000Z"
        }
    ]
}
[2025-05-30 19:40:14] Dados recebidos:
{
    "bolao_id": 7,
    "user_id": 1
}
[2025-05-30 19:40:14] TXID encontrado:
"652102f2f53f4d646436810001"
[2025-05-30 19:40:15] Iniciando verificação de pagamento com TXID
"652102f2f53f4d646436810001"
[2025-05-30 19:40:15] Resposta da API:
{
    "calendario": {
        "criacao": "2025-05-30T22:21:22.000Z",
        "expiracao": 3600
    },
    "txid": "652102f2f53f4d646436810001",
    "revisao": 0,
    "status": "CONCLUIDA",
    "valor": {
        "original": "1.00"
    },
    "chave": "60409292-a359-4992-9f5f-5886bace6fe6",
    "solicitacaoPagador": "Pagamento Bol\u00e3o #7",
    "loc": {
        "id": 150,
        "location": "qrcodespix.sejaefi.com.br\/v2\/73e28443c0bd49bd81db932e4e58a68f",
        "tipoCob": "cob",
        "criacao": "2025-05-30T22:21:22.000Z"
    },
    "location": "qrcodespix.sejaefi.com.br\/v2\/73e28443c0bd49bd81db932e4e58a68f",
    "pixCopiaECola": "00020101021226830014BR.GOV.BCB.PIX2561qrcodespix.sejaefi.com.br\/v2\/73e28443c0bd49bd81db932e4e58a68f5204000053039865802BR5905EFISA6008SAOPAULO62070503***63049CAA",
    "pix": [
        {
            "endToEndId": "E18236120202505302221s0366655e12",
            "txid": "652102f2f53f4d646436810001",
            "valor": "1.00",
            "chave": "60409292-a359-4992-9f5f-5886bace6fe6",
            "horario": "2025-05-30T22:21:39.000Z"
        }
    ]
}
[2025-05-30 19:40:15] Dados recebidos:
{
    "bolao_id": 7,
    "user_id": 1
}
[2025-05-30 19:40:15] TXID encontrado:
"652102f2f53f4d646436810001"
[2025-05-30 19:40:16] Iniciando verificação de pagamento com TXID
"652102f2f53f4d646436810001"
[2025-05-30 19:40:17] Resposta da API:
{
    "calendario": {
        "criacao": "2025-05-30T22:21:22.000Z",
        "expiracao": 3600
    },
    "txid": "652102f2f53f4d646436810001",
    "revisao": 0,
    "status": "CONCLUIDA",
    "valor": {
        "original": "1.00"
    },
    "chave": "60409292-a359-4992-9f5f-5886bace6fe6",
    "solicitacaoPagador": "Pagamento Bol\u00e3o #7",
    "loc": {
        "id": 150,
        "location": "qrcodespix.sejaefi.com.br\/v2\/73e28443c0bd49bd81db932e4e58a68f",
        "tipoCob": "cob",
        "criacao": "2025-05-30T22:21:22.000Z"
    },
    "location": "qrcodespix.sejaefi.com.br\/v2\/73e28443c0bd49bd81db932e4e58a68f",
    "pixCopiaECola": "00020101021226830014BR.GOV.BCB.PIX2561qrcodespix.sejaefi.com.br\/v2\/73e28443c0bd49bd81db932e4e58a68f5204000053039865802BR5905EFISA6008SAOPAULO62070503***63049CAA",
    "pix": [
        {
            "endToEndId": "E18236120202505302221s0366655e12",
            "txid": "652102f2f53f4d646436810001",
            "valor": "1.00",
            "chave": "60409292-a359-4992-9f5f-5886bace6fe6",
            "horario": "2025-05-30T22:21:39.000Z"
        }
    ]
}
[2025-05-30 19:40:24] Dados recebidos:
{
    "bolao_id": 7,
    "user_id": 1
}
[2025-05-30 19:40:24] TXID encontrado:
"652102f2f53f4d646436810001"
[2025-05-30 19:40:25] Iniciando verificação de pagamento com TXID
"652102f2f53f4d646436810001"
[2025-05-30 19:40:26] Resposta da API:
{
    "calendario": {
        "criacao": "2025-05-30T22:21:22.000Z",
        "expiracao": 3600
    },
    "txid": "652102f2f53f4d646436810001",
    "revisao": 0,
    "status": "CONCLUIDA",
    "valor": {
        "original": "1.00"
    },
    "chave": "60409292-a359-4992-9f5f-5886bace6fe6",
    "solicitacaoPagador": "Pagamento Bol\u00e3o #7",
    "loc": {
        "id": 150,
        "location": "qrcodespix.sejaefi.com.br\/v2\/73e28443c0bd49bd81db932e4e58a68f",
        "tipoCob": "cob",
        "criacao": "2025-05-30T22:21:22.000Z"
    },
    "location": "qrcodespix.sejaefi.com.br\/v2\/73e28443c0bd49bd81db932e4e58a68f",
    "pixCopiaECola": "00020101021226830014BR.GOV.BCB.PIX2561qrcodespix.sejaefi.com.br\/v2\/73e28443c0bd49bd81db932e4e58a68f5204000053039865802BR5905EFISA6008SAOPAULO62070503***63049CAA",
    "pix": [
        {
            "endToEndId": "E18236120202505302221s0366655e12",
            "txid": "652102f2f53f4d646436810001",
            "valor": "1.00",
            "chave": "60409292-a359-4992-9f5f-5886bace6fe6",
            "horario": "2025-05-30T22:21:39.000Z"
        }
    ]
}
[2025-05-30 19:40:35] Dados recebidos:
{
    "bolao_id": 7,
    "user_id": 1
}
[2025-05-30 19:40:35] TXID encontrado:
"652102f2f53f4d646436810001"
[2025-05-30 19:40:36] Iniciando verificação de pagamento com TXID
"652102f2f53f4d646436810001"
[2025-05-30 19:40:36] Resposta da API:
{
    "calendario": {
        "criacao": "2025-05-30T22:21:22.000Z",
        "expiracao": 3600
    },
    "txid": "652102f2f53f4d646436810001",
    "revisao": 0,
    "status": "CONCLUIDA",
    "valor": {
        "original": "1.00"
    },
    "chave": "60409292-a359-4992-9f5f-5886bace6fe6",
    "solicitacaoPagador": "Pagamento Bol\u00e3o #7",
    "loc": {
        "id": 150,
        "location": "qrcodespix.sejaefi.com.br\/v2\/73e28443c0bd49bd81db932e4e58a68f",
        "tipoCob": "cob",
        "criacao": "2025-05-30T22:21:22.000Z"
    },
    "location": "qrcodespix.sejaefi.com.br\/v2\/73e28443c0bd49bd81db932e4e58a68f",
    "pixCopiaECola": "00020101021226830014BR.GOV.BCB.PIX2561qrcodespix.sejaefi.com.br\/v2\/73e28443c0bd49bd81db932e4e58a68f5204000053039865802BR5905EFISA6008SAOPAULO62070503***63049CAA",
    "pix": [
        {
            "endToEndId": "E18236120202505302221s0366655e12",
            "txid": "652102f2f53f4d646436810001",
            "valor": "1.00",
            "chave": "60409292-a359-4992-9f5f-5886bace6fe6",
            "horario": "2025-05-30T22:21:39.000Z"
        }
    ]
}
[2025-05-30 19:40:45] Dados recebidos:
{
    "bolao_id": 7,
    "user_id": 1
}
[2025-05-30 19:40:45] TXID encontrado:
"652102f2f53f4d646436810001"
[2025-05-30 19:40:46] Iniciando verificação de pagamento com TXID
"652102f2f53f4d646436810001"
[2025-05-30 19:40:46] Resposta da API:
{
    "calendario": {
        "criacao": "2025-05-30T22:21:22.000Z",
        "expiracao": 3600
    },
    "txid": "652102f2f53f4d646436810001",
    "revisao": 0,
    "status": "CONCLUIDA",
    "valor": {
        "original": "1.00"
    },
    "chave": "60409292-a359-4992-9f5f-5886bace6fe6",
    "solicitacaoPagador": "Pagamento Bol\u00e3o #7",
    "loc": {
        "id": 150,
        "location": "qrcodespix.sejaefi.com.br\/v2\/73e28443c0bd49bd81db932e4e58a68f",
        "tipoCob": "cob",
        "criacao": "2025-05-30T22:21:22.000Z"
    },
    "location": "qrcodespix.sejaefi.com.br\/v2\/73e28443c0bd49bd81db932e4e58a68f",
    "pixCopiaECola": "00020101021226830014BR.GOV.BCB.PIX2561qrcodespix.sejaefi.com.br\/v2\/73e28443c0bd49bd81db932e4e58a68f5204000053039865802BR5905EFISA6008SAOPAULO62070503***63049CAA",
    "pix": [
        {
            "endToEndId": "E18236120202505302221s0366655e12",
            "txid": "652102f2f53f4d646436810001",
            "valor": "1.00",
            "chave": "60409292-a359-4992-9f5f-5886bace6fe6",
            "horario": "2025-05-30T22:21:39.000Z"
        }
    ]
}
[2025-05-30 19:40:55] Dados recebidos:
{
    "bolao_id": 7,
    "user_id": 1
}
[2025-05-30 19:40:55] TXID encontrado:
"652102f2f53f4d646436810001"
[2025-05-30 19:40:56] Iniciando verificação de pagamento com TXID
"652102f2f53f4d646436810001"
[2025-05-30 19:40:56] Resposta da API:
{
    "calendario": {
        "criacao": "2025-05-30T22:21:22.000Z",
        "expiracao": 3600
    },
    "txid": "652102f2f53f4d646436810001",
    "revisao": 0,
    "status": "CONCLUIDA",
    "valor": {
        "original": "1.00"
    },
    "chave": "60409292-a359-4992-9f5f-5886bace6fe6",
    "solicitacaoPagador": "Pagamento Bol\u00e3o #7",
    "loc": {
        "id": 150,
        "location": "qrcodespix.sejaefi.com.br\/v2\/73e28443c0bd49bd81db932e4e58a68f",
        "tipoCob": "cob",
        "criacao": "2025-05-30T22:21:22.000Z"
    },
    "location": "qrcodespix.sejaefi.com.br\/v2\/73e28443c0bd49bd81db932e4e58a68f",
    "pixCopiaECola": "00020101021226830014BR.GOV.BCB.PIX2561qrcodespix.sejaefi.com.br\/v2\/73e28443c0bd49bd81db932e4e58a68f5204000053039865802BR5905EFISA6008SAOPAULO62070503***63049CAA",
    "pix": [
        {
            "endToEndId": "E18236120202505302221s0366655e12",
            "txid": "652102f2f53f4d646436810001",
            "valor": "1.00",
            "chave": "60409292-a359-4992-9f5f-5886bace6fe6",
            "horario": "2025-05-30T22:21:39.000Z"
        }
    ]
}
[2025-05-30 19:41:05] Dados recebidos:
{
    "bolao_id": 7,
    "user_id": 1
}
[2025-05-30 19:41:05] TXID encontrado:
"652102f2f53f4d646436810001"
[2025-05-30 19:41:05] Iniciando verificação de pagamento com TXID
"652102f2f53f4d646436810001"
[2025-05-30 19:41:06] Resposta da API:
{
    "calendario": {
        "criacao": "2025-05-30T22:21:22.000Z",
        "expiracao": 3600
    },
    "txid": "652102f2f53f4d646436810001",
    "revisao": 0,
    "status": "CONCLUIDA",
    "valor": {
        "original": "1.00"
    },
    "chave": "60409292-a359-4992-9f5f-5886bace6fe6",
    "solicitacaoPagador": "Pagamento Bol\u00e3o #7",
    "loc": {
        "id": 150,
        "location": "qrcodespix.sejaefi.com.br\/v2\/73e28443c0bd49bd81db932e4e58a68f",
        "tipoCob": "cob",
        "criacao": "2025-05-30T22:21:22.000Z"
    },
    "location": "qrcodespix.sejaefi.com.br\/v2\/73e28443c0bd49bd81db932e4e58a68f",
    "pixCopiaECola": "00020101021226830014BR.GOV.BCB.PIX2561qrcodespix.sejaefi.com.br\/v2\/73e28443c0bd49bd81db932e4e58a68f5204000053039865802BR5905EFISA6008SAOPAULO62070503***63049CAA",
    "pix": [
        {
            "endToEndId": "E18236120202505302221s0366655e12",
            "txid": "652102f2f53f4d646436810001",
            "valor": "1.00",
            "chave": "60409292-a359-4992-9f5f-5886bace6fe6",
            "horario": "2025-05-30T22:21:39.000Z"
        }
    ]
}
[2025-05-30 19:41:10] Dados recebidos:
{
    "bolao_id": 7,
    "user_id": 1
}
[2025-05-30 19:41:10] TXID encontrado:
"652102f2f53f4d646436810001"
[2025-05-30 19:41:10] Iniciando verificação de pagamento com TXID
"652102f2f53f4d646436810001"
[2025-05-30 19:41:11] Resposta da API:
{
    "calendario": {
        "criacao": "2025-05-30T22:21:22.000Z",
        "expiracao": 3600
    },
    "txid": "652102f2f53f4d646436810001",
    "revisao": 0,
    "status": "CONCLUIDA",
    "valor": {
        "original": "1.00"
    },
    "chave": "60409292-a359-4992-9f5f-5886bace6fe6",
    "solicitacaoPagador": "Pagamento Bol\u00e3o #7",
    "loc": {
        "id": 150,
        "location": "qrcodespix.sejaefi.com.br\/v2\/73e28443c0bd49bd81db932e4e58a68f",
        "tipoCob": "cob",
        "criacao": "2025-05-30T22:21:22.000Z"
    },
    "location": "qrcodespix.sejaefi.com.br\/v2\/73e28443c0bd49bd81db932e4e58a68f",
    "pixCopiaECola": "00020101021226830014BR.GOV.BCB.PIX2561qrcodespix.sejaefi.com.br\/v2\/73e28443c0bd49bd81db932e4e58a68f5204000053039865802BR5905EFISA6008SAOPAULO62070503***63049CAA",
    "pix": [
        {
            "endToEndId": "E18236120202505302221s0366655e12",
            "txid": "652102f2f53f4d646436810001",
            "valor": "1.00",
            "chave": "60409292-a359-4992-9f5f-5886bace6fe6",
            "horario": "2025-05-30T22:21:39.000Z"
        }
    ]
}
